<?xml version="1.0" encoding="UTF-8"?>
<testsuite name="iosSimulatorArm64Test.dev.p2pkit.core.internal.KitLifecycleTest" tests="9" skipped="0" failures="0" errors="0" timestamp="2026-07-04T19:14:04.968Z" hostname="192.168.1.19" time="15.035">
  <properties/>
  <testcase name="stopClosesDataTransportAndStopsDiscoveryAdvertising[iosSimulatorArm64]" classname="iosSimulatorArm64Test.dev.p2pkit.core.internal.KitLifecycleTest" time="0.001"/>
  <testcase name="freshKitAfterStopIsIndependent[iosSimulatorArm64]" classname="iosSimulatorArm64Test.dev.p2pkit.core.internal.KitLifecycleTest" time="0.0"/>
  <testcase name="stopCompletesWhenATransportStartHangs[iosSimulatorArm64]" classname="iosSimulatorArm64Test.dev.p2pkit.core.internal.KitLifecycleTest" time="5.011"/>
  <testcase name="startDrivesIdleThroughStartingToRunning[iosSimulatorArm64]" classname="iosSimulatorArm64Test.dev.p2pkit.core.internal.KitLifecycleTest" time="0.0"/>
  <testcase name="bindFailureSurfacesTypedFailedStateAndDoesNotLatch[iosSimulatorArm64]" classname="iosSimulatorArm64Test.dev.p2pkit.core.internal.KitLifecycleTest" time="0.0"/>
  <testcase name="successfulReadvertiseClearsLatchedFailed[iosSimulatorArm64]" classname="iosSimulatorArm64Test.dev.p2pkit.core.internal.KitLifecycleTest" time="0.0"/>
  <testcase name="cancellingStartMidBindPropagatesCancellationAndDoesNotLatchFailed[iosSimulatorArm64]" classname="iosSimulatorArm64Test.dev.p2pkit.core.internal.KitLifecycleTest" time="0.001"/>
  <testcase name="stopRemainsBoundedWhenObserverStartHangsAndCloseBlocksOnSameMutex[iosSimulatorArm64]" classname="iosSimulatorArm64Test.dev.p2pkit.core.internal.KitLifecycleTest" time="10.021"/>
  <testcase name="cancelledStopCallerStillClosesObserverAndLatchesStopped[iosSimulatorArm64]" classname="iosSimulatorArm64Test.dev.p2pkit.core.internal.KitLifecycleTest" time="0.001"/>
  <system-out><![CDATA[p2pkit: [buildInfo] p2pkit@b155bd8-DIRTY (audit/exhaustive-review-2026-06, built 2026-07-04T19:13:45.981253Z)
p2pkit: [buildInfo] p2pkit@b155bd8-DIRTY (audit/exhaustive-review-2026-06, built 2026-07-04T19:13:45.981253Z)
p2pkit: [buildInfo] p2pkit@b155bd8-DIRTY (audit/exhaustive-review-2026-06, built 2026-07-04T19:13:45.981253Z)
p2pkit: [buildInfo] p2pkit@b155bd8-DIRTY (audit/exhaustive-review-2026-06, built 2026-07-04T19:13:45.981253Z)
p2pkit: [buildInfo] p2pkit@b155bd8-DIRTY (audit/exhaustive-review-2026-06, built 2026-07-04T19:13:45.981253Z)
p2pkit: [buildInfo] p2pkit@b155bd8-DIRTY (audit/exhaustive-review-2026-06, built 2026-07-04T19:13:45.981253Z)
p2pkit: [buildInfo] p2pkit@b155bd8-DIRTY (audit/exhaustive-review-2026-06, built 2026-07-04T19:13:45.981253Z)
p2pkit: [buildInfo] p2pkit@b155bd8-DIRTY (audit/exhaustive-review-2026-06, built 2026-07-04T19:13:45.981253Z)
p2pkit: [buildInfo] p2pkit@b155bd8-DIRTY (audit/exhaustive-review-2026-06, built 2026-07-04T19:13:45.981253Z)
p2pkit: [buildInfo] p2pkit@b155bd8-DIRTY (audit/exhaustive-review-2026-06, built 2026-07-04T19:13:45.981253Z)
]]></system-out>
  <system-err><![CDATA[]]></system-err>
</testsuite>
