<?xml version="1.0" encoding="UTF-8"?>
<testsuite name="iosSimulatorArm64Test.dev.p2pkit.core.internal.SessionStoreInvariantTest" tests="3" skipped="0" failures="0" errors="0" timestamp="2026-07-04T19:14:21.373Z" hostname="192.168.1.19" time="0.0">
  <properties/>
  <testcase name="strictModeThrowsOnForcedInconsistency[iosSimulatorArm64]" classname="iosSimulatorArm64Test.dev.p2pkit.core.internal.SessionStoreInvariantTest" time="0.0"/>
  <testcase name="defaultModeWarnsWithoutThrowingOnSameInconsistency[iosSimulatorArm64]" classname="iosSimulatorArm64Test.dev.p2pkit.core.internal.SessionStoreInvariantTest" time="0.0"/>
  <testcase name="strictModeDoesNotThrowOnValidOperationSequence[iosSimulatorArm64]" classname="iosSimulatorArm64Test.dev.p2pkit.core.internal.SessionStoreInvariantTest" time="0.0"/>
  <system-out><![CDATA[]]></system-out>
  <system-err><![CDATA[]]></system-err>
</testsuite>
