<?xml version="1.0" encoding="UTF-8"?>
<testsuite name="iosSimulatorArm64Test.dev.p2pkit.core.internal.NetworkPathRecoveryTest" tests="5" skipped="0" failures="0" errors="0" timestamp="2026-07-04T19:14:20.007Z" hostname="192.168.1.19" time="0.116">
  <properties/>
  <testcase name="pathUnsatisfiedTransitionsConnectedSessionToReconnecting[iosSimulatorArm64]" classname="iosSimulatorArm64Test.dev.p2pkit.core.internal.NetworkPathRecoveryTest" time="0.001"/>
  <testcase name="pathUnsatisfiedTransitionsToFailedWhenReconnectDisabled[iosSimulatorArm64]" classname="iosSimulatorArm64Test.dev.p2pkit.core.internal.NetworkPathRecoveryTest" time="0.001"/>
  <testcase name="pathSatisfiedWakesParkedReconnectHandlerBeforeDelayExpires[iosSimulatorArm64]" classname="iosSimulatorArm64Test.dev.p2pkit.core.internal.NetworkPathRecoveryTest" time="0.002"/>
  <testcase name="pathUnknownIsANoOp[iosSimulatorArm64]" classname="iosSimulatorArm64Test.dev.p2pkit.core.internal.NetworkPathRecoveryTest" time="0.111"/>
  <testcase name="observerLifecycleIsTiedToKitLifecycle[iosSimulatorArm64]" classname="iosSimulatorArm64Test.dev.p2pkit.core.internal.NetworkPathRecoveryTest" time="0.001"/>
  <system-out><![CDATA[p2pkit: [buildInfo] p2pkit@b155bd8-DIRTY (audit/exhaustive-review-2026-06, built 2026-07-04T19:13:45.981253Z)
p2pkit: [buildInfo] p2pkit@b155bd8-DIRTY (audit/exhaustive-review-2026-06, built 2026-07-04T19:13:45.981253Z)
p2pkit: [buildInfo] p2pkit@b155bd8-DIRTY (audit/exhaustive-review-2026-06, built 2026-07-04T19:13:45.981253Z)
p2pkit: [buildInfo] p2pkit@b155bd8-DIRTY (audit/exhaustive-review-2026-06, built 2026-07-04T19:13:45.981253Z)
p2pkit: [buildInfo] p2pkit@b155bd8-DIRTY (audit/exhaustive-review-2026-06, built 2026-07-04T19:13:45.981253Z)
p2pkit: [buildInfo] p2pkit@b155bd8-DIRTY (audit/exhaustive-review-2026-06, built 2026-07-04T19:13:45.981253Z)
p2pkit: [buildInfo] p2pkit@b155bd8-DIRTY (audit/exhaustive-review-2026-06, built 2026-07-04T19:13:45.981253Z)
p2pkit: [buildInfo] p2pkit@b155bd8-DIRTY (audit/exhaustive-review-2026-06, built 2026-07-04T19:13:45.981253Z)
p2pkit: [buildInfo] p2pkit@b155bd8-DIRTY (audit/exhaustive-review-2026-06, built 2026-07-04T19:13:45.981253Z)
p2pkit: [buildInfo] p2pkit@b155bd8-DIRTY (audit/exhaustive-review-2026-06, built 2026-07-04T19:13:45.981253Z)
]]></system-out>
  <system-err><![CDATA[]]></system-err>
</testsuite>
