<?xml version="1.0" encoding="UTF-8"?>
<testsuite name="iosSimulatorArm64Test.dev.p2pkit.core.protocol.MessageMetadataContractTest" tests="6" skipped="0" failures="0" errors="0" timestamp="2026-07-04T19:14:21.446Z" hostname="192.168.1.19" time="0.001">
  <properties/>
  <testcase name="textMetadataIsDroppedOnSingleChunkRoundTrip[iosSimulatorArm64]" classname="iosSimulatorArm64Test.dev.p2pkit.core.protocol.MessageMetadataContractTest" time="0.0"/>
  <testcase name="binaryMetadataIsDroppedOnSingleChunkRoundTrip[iosSimulatorArm64]" classname="iosSimulatorArm64Test.dev.p2pkit.core.protocol.MessageMetadataContractTest" time="0.0"/>
  <testcase name="textMetadataIsDroppedOnMultiChunkRoundTrip[iosSimulatorArm64]" classname="iosSimulatorArm64Test.dev.p2pkit.core.protocol.MessageMetadataContractTest" time="0.0"/>
  <testcase name="binaryMetadataIsDroppedOnMultiChunkRoundTrip[iosSimulatorArm64]" classname="iosSimulatorArm64Test.dev.p2pkit.core.protocol.MessageMetadataContractTest" time="0.0"/>
  <testcase name="textMetadataIsDroppedOverProtocolLoopback[iosSimulatorArm64]" classname="iosSimulatorArm64Test.dev.p2pkit.core.protocol.MessageMetadataContractTest" time="0.001"/>
  <testcase name="binaryMetadataIsDroppedOverProtocolLoopback[iosSimulatorArm64]" classname="iosSimulatorArm64Test.dev.p2pkit.core.protocol.MessageMetadataContractTest" time="0.0"/>
  <system-out><![CDATA[]]></system-out>
  <system-err><![CDATA[]]></system-err>
</testsuite>
