<?xml version="1.0" encoding="UTF-8"?>
<testsuite name="iosSimulatorArm64Test.dev.p2pkit.core.internal.InboundAdmissionControlTest" tests="2" skipped="0" failures="0" errors="0" timestamp="2026-07-04T18:45:28.118Z" hostname="192.168.1.19" time="0.113">
  <properties/>
  <testcase name="preHandshakeBoundRefusesExcessAndPermitsRecoverOnBothOutcomes[iosSimulatorArm64]" classname="iosSimulatorArm64Test.dev.p2pkit.core.internal.InboundAdmissionControlTest" time="0.064"/>
  <testcase name="totalSessionBoundRefusesNetNewInboundSessions[iosSimulatorArm64]" classname="iosSimulatorArm64Test.dev.p2pkit.core.internal.InboundAdmissionControlTest" time="0.049"/>
  <system-out><![CDATA[p2pkit: [buildInfo] p2pkit@549998e-DIRTY (audit/exhaustive-review-2026-06, built 2026-07-04T18:45:08.860171Z)
p2pkit: [buildInfo] p2pkit@549998e-DIRTY (audit/exhaustive-review-2026-06, built 2026-07-04T18:45:08.860171Z)
]]></system-out>
  <system-err><![CDATA[]]></system-err>
</testsuite>
