<?xml version="1.0" encoding="UTF-8"?>
<testsuite name="iosSimulatorArm64Test.dev.p2pkit.core.internal.KeepAliveTest" tests="3" skipped="0" failures="0" errors="0" timestamp="2026-07-04T18:45:28.231Z" hostname="192.168.1.19" time="0.002">
  <properties/>
  <testcase name="sessionTransitionsToFailedWhenNoPongArrivesWithinTimeout[iosSimulatorArm64]" classname="iosSimulatorArm64Test.dev.p2pkit.core.internal.KeepAliveTest" time="0.0"/>
  <testcase name="respondsToInboundPingWithPong[iosSimulatorArm64]" classname="iosSimulatorArm64Test.dev.p2pkit.core.internal.KeepAliveTest" time="0.001"/>
  <testcase name="staysConnectedWhilePongsArriveWithinTimeout[iosSimulatorArm64]" classname="iosSimulatorArm64Test.dev.p2pkit.core.internal.KeepAliveTest" time="0.001"/>
  <system-out><![CDATA[]]></system-out>
  <system-err><![CDATA[]]></system-err>
</testsuite>
