<?xml version="1.0" encoding="UTF-8"?>
<testsuite name="iosSimulatorArm64Test.dev.p2pkit.core.internal.LocalIdentityTest" tests="2" skipped="0" failures="0" errors="0" timestamp="2026-07-04T18:45:43.257Z" hostname="192.168.1.19" time="0.0">
  <properties/>
  <testcase name="localIdentityIsExposedAndStable[iosSimulatorArm64]" classname="iosSimulatorArm64Test.dev.p2pkit.core.internal.LocalIdentityTest" time="0.0"/>
  <testcase name="twoKitsInSameProcessHaveTheirOwnIdentity[iosSimulatorArm64]" classname="iosSimulatorArm64Test.dev.p2pkit.core.internal.LocalIdentityTest" time="0.0"/>
  <system-out><![CDATA[p2pkit: [buildInfo] p2pkit@549998e-DIRTY (audit/exhaustive-review-2026-06, built 2026-07-04T18:45:08.860171Z)
p2pkit: [buildInfo] p2pkit@549998e-DIRTY (audit/exhaustive-review-2026-06, built 2026-07-04T18:45:08.860171Z)
p2pkit: [buildInfo] p2pkit@549998e-DIRTY (audit/exhaustive-review-2026-06, built 2026-07-04T18:45:08.860171Z)
]]></system-out>
  <system-err><![CDATA[]]></system-err>
</testsuite>
