<?xml version="1.0" encoding="UTF-8"?>
<testsuite name="iosSimulatorArm64Test.dev.p2pkit.core.internal.SessionFlowTest" tests="7" skipped="0" failures="0" errors="0" timestamp="2026-07-04T18:45:43.952Z" hostname="192.168.1.19" time="0.008">
  <properties/>
  <testcase name="outgoingSessionExchangesText[iosSimulatorArm64]" classname="iosSimulatorArm64Test.dev.p2pkit.core.internal.SessionFlowTest" time="0.001"/>
  <testcase name="outgoingSessionExchangesBinary[iosSimulatorArm64]" classname="iosSimulatorArm64Test.dev.p2pkit.core.internal.SessionFlowTest" time="0.001"/>
  <testcase name="concurrentConnectCallsForSamePeerReturnTheSameSession[iosSimulatorArm64]" classname="iosSimulatorArm64Test.dev.p2pkit.core.internal.SessionFlowTest" time="0.001"/>
  <testcase name="connectIsIdempotentForSamePeer[iosSimulatorArm64]" classname="iosSimulatorArm64Test.dev.p2pkit.core.internal.SessionFlowTest" time="0.001"/>
  <testcase name="concurrentSendsDoNotInterleave[iosSimulatorArm64]" classname="iosSimulatorArm64Test.dev.p2pkit.core.internal.SessionFlowTest" time="0.001"/>
  <testcase name="closeTransitionsSessionToClosed[iosSimulatorArm64]" classname="iosSimulatorArm64Test.dev.p2pkit.core.internal.SessionFlowTest" time="0.002"/>
  <testcase name="incomingSessionFailsDeterministicallyOnAbruptRemoteTermination[iosSimulatorArm64]" classname="iosSimulatorArm64Test.dev.p2pkit.core.internal.SessionFlowTest" time="0.001"/>
  <system-out><![CDATA[p2pkit: [buildInfo] p2pkit@549998e-DIRTY (audit/exhaustive-review-2026-06, built 2026-07-04T18:45:08.860171Z)
p2pkit: [buildInfo] p2pkit@549998e-DIRTY (audit/exhaustive-review-2026-06, built 2026-07-04T18:45:08.860171Z)
p2pkit: [buildInfo] p2pkit@549998e-DIRTY (audit/exhaustive-review-2026-06, built 2026-07-04T18:45:08.860171Z)
p2pkit: [buildInfo] p2pkit@549998e-DIRTY (audit/exhaustive-review-2026-06, built 2026-07-04T18:45:08.860171Z)
p2pkit: [buildInfo] p2pkit@549998e-DIRTY (audit/exhaustive-review-2026-06, built 2026-07-04T18:45:08.860171Z)
p2pkit: [buildInfo] p2pkit@549998e-DIRTY (audit/exhaustive-review-2026-06, built 2026-07-04T18:45:08.860171Z)
p2pkit: [buildInfo] p2pkit@549998e-DIRTY (audit/exhaustive-review-2026-06, built 2026-07-04T18:45:08.860171Z)
p2pkit: [buildInfo] p2pkit@549998e-DIRTY (audit/exhaustive-review-2026-06, built 2026-07-04T18:45:08.860171Z)
p2pkit: [buildInfo] p2pkit@549998e-DIRTY (audit/exhaustive-review-2026-06, built 2026-07-04T18:45:08.860171Z)
p2pkit: [buildInfo] p2pkit@549998e-DIRTY (audit/exhaustive-review-2026-06, built 2026-07-04T18:45:08.860171Z)
p2pkit: [buildInfo] p2pkit@549998e-DIRTY (audit/exhaustive-review-2026-06, built 2026-07-04T18:45:08.860171Z)
p2pkit: [buildInfo] p2pkit@549998e-DIRTY (audit/exhaustive-review-2026-06, built 2026-07-04T18:45:08.860171Z)
p2pkit: [buildInfo] p2pkit@549998e-DIRTY (audit/exhaustive-review-2026-06, built 2026-07-04T18:45:08.860171Z)
p2pkit: [buildInfo] p2pkit@549998e-DIRTY (audit/exhaustive-review-2026-06, built 2026-07-04T18:45:08.860171Z)
]]></system-out>
  <system-err><![CDATA[]]></system-err>
</testsuite>
