<?xml version="1.0" encoding="UTF-8"?>
<testsuite name="iosSimulatorArm64Test.dev.p2pkit.core.internal.SessionReconnectRotationTest" tests="3" skipped="0" failures="1" errors="0" timestamp="2026-07-04T18:45:43.960Z" hostname="192.168.1.19" time="4.039">
  <properties/>
  <testcase name="reconnectUsesRefreshedHintsAfterPeerRegistryUpdate[iosSimulatorArm64]" classname="iosSimulatorArm64Test.dev.p2pkit.core.internal.SessionReconnectRotationTest" time="3.615">
    <failure message="kotlinx.coroutines.TimeoutCancellationException: kotlinx.coroutines.TimeoutCancellationException: Timed out waiting for 3500 ms" type="kotlinx.coroutines.TimeoutCancellationException">kotlinx.coroutines.TimeoutCancellationException: Timed out waiting for 3500 ms
	at kotlin.Throwable#&lt;init&gt;(Unknown Source)
	at kotlin.Exception#&lt;init&gt;(Unknown Source)
	at kotlin.RuntimeException#&lt;init&gt;(Unknown Source)
	at kotlin.IllegalStateException#&lt;init&gt;(Unknown Source)
	at kotlin.coroutines.cancellation.CancellationException#&lt;init&gt;(Unknown Source)
	at kotlinx.coroutines.TimeoutCancellationException#&lt;init&gt;(Unknown Source)
	at kotlinx.coroutines#TimeoutCancellationException(Unknown Source)
	at kotlinx.coroutines.TimeoutCoroutine.run#internal(Unknown Source)
	at kotlinx.coroutines.Runnable#run(Unknown Source)
	at kotlinx.coroutines.WorkerDispatcher.WorkerDispatcher$schedule$DisposableBlock.invoke#internal(Unknown Source)
	at kotlinx.coroutines.WorkerDispatcher.WorkerDispatcher$schedule$DisposableBlock.$&lt;bridge-DN&gt;invoke(Unknown Source)
	at kotlin.Function0#invoke(Unknown Source)
	at &lt;global&gt;.WorkerExecuteAfterLaunchpad(Unknown Source)
	at &lt;global&gt;._ZN6Worker19processQueueElementEb(Unknown Source)
	at &lt;global&gt;._ZN12_GLOBAL__N_113workerRoutineEPv(Unknown Source)
	at &lt;global&gt;._pthread_start(Unknown Source)
	at &lt;global&gt;.thread_start(Unknown Source)
</failure>
  </testcase>
  <testcase name="reconnectFallsBackToOriginalWhenRegistryHasNoEntry[iosSimulatorArm64]" classname="iosSimulatorArm64Test.dev.p2pkit.core.internal.SessionReconnectRotationTest" time="0.212"/>
  <testcase name="discoveryRefreshFiresOnReconnectingTransition[iosSimulatorArm64]" classname="iosSimulatorArm64Test.dev.p2pkit.core.internal.SessionReconnectRotationTest" time="0.211"/>
  <system-out><![CDATA[p2pkit: [buildInfo] p2pkit@549998e-DIRTY (audit/exhaustive-review-2026-06, built 2026-07-04T18:45:08.860171Z)
p2pkit: [buildInfo] p2pkit@549998e-DIRTY (audit/exhaustive-review-2026-06, built 2026-07-04T18:45:08.860171Z)
p2pkit: [buildInfo] p2pkit@549998e-DIRTY (audit/exhaustive-review-2026-06, built 2026-07-04T18:45:08.860171Z)
p2pkit: [buildInfo] p2pkit@549998e-DIRTY (audit/exhaustive-review-2026-06, built 2026-07-04T18:45:08.860171Z)
p2pkit: [buildInfo] p2pkit@549998e-DIRTY (audit/exhaustive-review-2026-06, built 2026-07-04T18:45:08.860171Z)
p2pkit: [buildInfo] p2pkit@549998e-DIRTY (audit/exhaustive-review-2026-06, built 2026-07-04T18:45:08.860171Z)
]]></system-out>
  <system-err><![CDATA[]]></system-err>
</testsuite>
