<?xml version="1.0" encoding="UTF-8"?>
<testsuite name="iosSimulatorArm64Test.dev.p2pkit.core.internal.InboundAcceptResilienceTest" tests="3" skipped="0" failures="0" errors="0" timestamp="2026-07-04T18:45:28.101Z" hostname="192.168.1.19" time="0.017">
  <properties/>
  <testcase name="incomingSetupFailureDoesNotPreventSubsequentInboundSessions[iosSimulatorArm64]" classname="iosSimulatorArm64Test.dev.p2pkit.core.internal.InboundAcceptResilienceTest" time="0.001"/>
  <testcase name="acceptLoopFailureIsSurfacedAndKitSurvives[iosSimulatorArm64]" classname="iosSimulatorArm64Test.dev.p2pkit.core.internal.InboundAcceptResilienceTest" time="0.016"/>
  <testcase name="cleanStopProducesNoInboundAcceptanceDiagnostics[iosSimulatorArm64]" classname="iosSimulatorArm64Test.dev.p2pkit.core.internal.InboundAcceptResilienceTest" time="0.0"/>
  <system-out><![CDATA[p2pkit: [buildInfo] p2pkit@549998e-DIRTY (audit/exhaustive-review-2026-06, built 2026-07-04T18:45:08.860171Z)
p2pkit: [buildInfo] p2pkit@549998e-DIRTY (audit/exhaustive-review-2026-06, built 2026-07-04T18:45:08.860171Z)
p2pkit: [buildInfo] p2pkit@549998e-DIRTY (audit/exhaustive-review-2026-06, built 2026-07-04T18:45:08.860171Z)
p2pkit: [buildInfo] p2pkit@549998e-DIRTY (audit/exhaustive-review-2026-06, built 2026-07-04T18:45:08.860171Z)
p2pkit: [buildInfo] p2pkit@549998e-DIRTY (audit/exhaustive-review-2026-06, built 2026-07-04T18:45:08.860171Z)
]]></system-out>
  <system-err><![CDATA[]]></system-err>
</testsuite>
