<?xml version="1.0" encoding="UTF-8"?>
<testsuite name="iosSimulatorArm64Test.dev.p2pkit.core.protocol.StreamingFileSenderTest" tests="5" skipped="0" failures="0" errors="0" timestamp="2026-07-04T18:45:48.126Z" hostname="192.168.1.19" time="0.05">
  <properties/>
  <testcase name="emptyFileEmitsNoFrames[iosSimulatorArm64]" classname="iosSimulatorArm64Test.dev.p2pkit.core.protocol.StreamingFileSenderTest" time="0.0"/>
  <testcase name="singleChunkFileFitsInOneFrame[iosSimulatorArm64]" classname="iosSimulatorArm64Test.dev.p2pkit.core.protocol.StreamingFileSenderTest" time="0.0"/>
  <testcase name="exactMultipleOfChunkSizeSplitsCleanly[iosSimulatorArm64]" classname="iosSimulatorArm64Test.dev.p2pkit.core.protocol.StreamingFileSenderTest" time="0.0"/>
  <testcase name="nonMultipleOfChunkSizeSplitsLastShort[iosSimulatorArm64]" classname="iosSimulatorArm64Test.dev.p2pkit.core.protocol.StreamingFileSenderTest" time="0.0"/>
  <testcase name="largeFileStreamsWithoutBufferingAll[iosSimulatorArm64]" classname="iosSimulatorArm64Test.dev.p2pkit.core.protocol.StreamingFileSenderTest" time="0.05"/>
  <system-out><![CDATA[]]></system-out>
  <system-err><![CDATA[]]></system-err>
</testsuite>
