<?xml version="1.0" encoding="UTF-8"?>
<testsuite name="iosSimulatorArm64Test.dev.p2pkit.core.internal.KitLifecycleTest" tests="9" skipped="0" failures="0" errors="0" timestamp="2026-07-04T18:45:28.233Z" hostname="192.168.1.19" time="15.023">
  <properties/>
  <testcase name="stopClosesDataTransportAndStopsDiscoveryAdvertising[iosSimulatorArm64]" classname="iosSimulatorArm64Test.dev.p2pkit.core.internal.KitLifecycleTest" time="0.0"/>
  <testcase name="freshKitAfterStopIsIndependent[iosSimulatorArm64]" classname="iosSimulatorArm64Test.dev.p2pkit.core.internal.KitLifecycleTest" time="0.0"/>
  <testcase name="stopCompletesWhenATransportStartHangs[iosSimulatorArm64]" classname="iosSimulatorArm64Test.dev.p2pkit.core.internal.KitLifecycleTest" time="5.003"/>
  <testcase name="startDrivesIdleThroughStartingToRunning[iosSimulatorArm64]" classname="iosSimulatorArm64Test.dev.p2pkit.core.internal.KitLifecycleTest" time="0.0"/>
  <testcase name="bindFailureSurfacesTypedFailedStateAndDoesNotLatch[iosSimulatorArm64]" classname="iosSimulatorArm64Test.dev.p2pkit.core.internal.KitLifecycleTest" time="0.0"/>
  <testcase name="successfulReadvertiseClearsLatchedFailed[iosSimulatorArm64]" classname="iosSimulatorArm64Test.dev.p2pkit.core.internal.KitLifecycleTest" time="0.0"/>
  <testcase name="cancellingStartMidBindPropagatesCancellationAndDoesNotLatchFailed[iosSimulatorArm64]" classname="iosSimulatorArm64Test.dev.p2pkit.core.internal.KitLifecycleTest" time="0.001"/>
  <testcase name="stopRemainsBoundedWhenObserverStartHangsAndCloseBlocksOnSameMutex[iosSimulatorArm64]" classname="iosSimulatorArm64Test.dev.p2pkit.core.internal.KitLifecycleTest" time="10.015"/>
  <testcase name="cancelledStopCallerStillClosesObserverAndLatchesStopped[iosSimulatorArm64]" classname="iosSimulatorArm64Test.dev.p2pkit.core.internal.KitLifecycleTest" time="0.001"/>
  <system-out><![CDATA[p2pkit: [buildInfo] p2pkit@549998e-DIRTY (audit/exhaustive-review-2026-06, built 2026-07-04T18:45:08.860171Z)
p2pkit: [buildInfo] p2pkit@549998e-DIRTY (audit/exhaustive-review-2026-06, built 2026-07-04T18:45:08.860171Z)
p2pkit: [buildInfo] p2pkit@549998e-DIRTY (audit/exhaustive-review-2026-06, built 2026-07-04T18:45:08.860171Z)
p2pkit: [buildInfo] p2pkit@549998e-DIRTY (audit/exhaustive-review-2026-06, built 2026-07-04T18:45:08.860171Z)
p2pkit: [buildInfo] p2pkit@549998e-DIRTY (audit/exhaustive-review-2026-06, built 2026-07-04T18:45:08.860171Z)
p2pkit: [buildInfo] p2pkit@549998e-DIRTY (audit/exhaustive-review-2026-06, built 2026-07-04T18:45:08.860171Z)
p2pkit: [buildInfo] p2pkit@549998e-DIRTY (audit/exhaustive-review-2026-06, built 2026-07-04T18:45:08.860171Z)
p2pkit: [buildInfo] p2pkit@549998e-DIRTY (audit/exhaustive-review-2026-06, built 2026-07-04T18:45:08.860171Z)
p2pkit: [buildInfo] p2pkit@549998e-DIRTY (audit/exhaustive-review-2026-06, built 2026-07-04T18:45:08.860171Z)
p2pkit: [buildInfo] p2pkit@549998e-DIRTY (audit/exhaustive-review-2026-06, built 2026-07-04T18:45:08.860171Z)
]]></system-out>
  <system-err><![CDATA[]]></system-err>
</testsuite>
