<?xml version="1.0" encoding="UTF-8"?>
<testsuite name="iosSimulatorArm64Test.dev.p2pkit.core.internal.ManualPeerIdentityTest" tests="4" skipped="0" failures="0" errors="0" timestamp="2026-07-04T18:45:43.257Z" hostname="192.168.1.19" time="0.004">
  <properties/>
  <testcase name="manualConnectKeepsDialedSyntheticIdentityDespiteDifferentHelloId[iosSimulatorArm64]" classname="iosSimulatorArm64Test.dev.p2pkit.core.internal.ManualPeerIdentityTest" time="0.001"/>
  <testcase name="manualConnectIsIdempotentAndDoesNotChurnTheSession[iosSimulatorArm64]" classname="iosSimulatorArm64Test.dev.p2pkit.core.internal.ManualPeerIdentityTest" time="0.001"/>
  <testcase name="discoveredPeerWithManualLookingIdIsStillRejectedOnHelloMismatch[iosSimulatorArm64]" classname="iosSimulatorArm64Test.dev.p2pkit.core.internal.ManualPeerIdentityTest" time="0.001"/>
  <testcase name="manualConnectStillRejectsHelloClaimingOurOwnPeerId[iosSimulatorArm64]" classname="iosSimulatorArm64Test.dev.p2pkit.core.internal.ManualPeerIdentityTest" time="0.001"/>
  <system-out><![CDATA[p2pkit: [buildInfo] p2pkit@549998e-DIRTY (audit/exhaustive-review-2026-06, built 2026-07-04T18:45:08.860171Z)
p2pkit: [buildInfo] p2pkit@549998e-DIRTY (audit/exhaustive-review-2026-06, built 2026-07-04T18:45:08.860171Z)
p2pkit: [buildInfo] p2pkit@549998e-DIRTY (audit/exhaustive-review-2026-06, built 2026-07-04T18:45:08.860171Z)
p2pkit: [buildInfo] p2pkit@549998e-DIRTY (audit/exhaustive-review-2026-06, built 2026-07-04T18:45:08.860171Z)
p2pkit: [buildInfo] p2pkit@549998e-DIRTY (audit/exhaustive-review-2026-06, built 2026-07-04T18:45:08.860171Z)
p2pkit: [buildInfo] p2pkit@549998e-DIRTY (audit/exhaustive-review-2026-06, built 2026-07-04T18:45:08.860171Z)
p2pkit: [buildInfo] p2pkit@549998e-DIRTY (audit/exhaustive-review-2026-06, built 2026-07-04T18:45:08.860171Z)
p2pkit: [buildInfo] p2pkit@549998e-DIRTY (audit/exhaustive-review-2026-06, built 2026-07-04T18:45:08.860171Z)
]]></system-out>
  <system-err><![CDATA[]]></system-err>
</testsuite>
