<?xml version="1.0" encoding="UTF-8"?>
<testsuite name="iosSimulatorArm64Test.dev.p2pkit.core.internal.HandshakeTest" tests="3" skipped="0" failures="0" errors="0" timestamp="2026-07-04T18:45:28.100Z" hostname="192.168.1.19" time="0.001">
  <properties/>
  <testcase name="handshakeSucceedsWhenAppIdsAndVersionsMatch[iosSimulatorArm64]" classname="iosSimulatorArm64Test.dev.p2pkit.core.internal.HandshakeTest" time="0.0"/>
  <testcase name="appIdMismatchThrowsHandshakeRejected[iosSimulatorArm64]" classname="iosSimulatorArm64Test.dev.p2pkit.core.internal.HandshakeTest" time="0.001"/>
  <testcase name="versionMismatchThrowsVersionMismatch[iosSimulatorArm64]" classname="iosSimulatorArm64Test.dev.p2pkit.core.internal.HandshakeTest" time="0.0"/>
  <system-out><![CDATA[]]></system-out>
  <system-err><![CDATA[]]></system-err>
</testsuite>
