<?xml version="1.0" encoding="UTF-8"?>
<testsuite name="KeepAliveTest[jvm]" tests="3" skipped="0" failures="0" errors="0" timestamp="2026-07-04T19:12:49.937Z" hostname="192.168.1.19" time="0.018">
  <properties/>
  <testcase name="respondsToInboundPingWithPong[jvm]" classname="dev.p2pkit.core.internal.KeepAliveTest" time="0.013"/>
  <testcase name="staysConnectedWhilePongsArriveWithinTimeout[jvm]" classname="dev.p2pkit.core.internal.KeepAliveTest" time="0.002"/>
  <testcase name="sessionTransitionsToFailedWhenNoPongArrivesWithinTimeout[jvm]" classname="dev.p2pkit.core.internal.KeepAliveTest" time="0.002"/>
  <system-out><![CDATA[]]></system-out>
  <system-err><![CDATA[]]></system-err>
</testsuite>
