<?xml version="1.0" encoding="UTF-8"?>
<testsuite name="InboundAcceptResilienceTest[jvm]" tests="3" skipped="0" failures="0" errors="0" timestamp="2026-07-04T19:12:49.825Z" hostname="192.168.1.19" time="0.023">
  <properties/>
  <testcase name="acceptLoopFailureIsSurfacedAndKitSurvives[jvm]" classname="dev.p2pkit.core.internal.InboundAcceptResilienceTest" time="0.02"/>
  <testcase name="incomingSetupFailureDoesNotPreventSubsequentInboundSessions[jvm]" classname="dev.p2pkit.core.internal.InboundAcceptResilienceTest" time="0.003"/>
  <testcase name="cleanStopProducesNoInboundAcceptanceDiagnostics[jvm]" classname="dev.p2pkit.core.internal.InboundAcceptResilienceTest" time="0.0"/>
  <system-out><![CDATA[]]></system-out>
  <system-err><![CDATA[]]></system-err>
</testsuite>
