<?xml version="1.0" encoding="UTF-8"?>
<testsuite name="FileTransferFlowTest[jvm]" tests="21" skipped="0" failures="1" errors="0" timestamp="2026-07-04T19:12:45.294Z" hostname="192.168.1.19" time="4.518">
  <properties/>
  <testcase name="offerTimeoutAutoCancelsOnSender[jvm]" classname="dev.p2pkit.core.internal.FileTransferFlowTest" time="0.215"/>
  <testcase name="sourceClosedExactlyOnceOnCancelAfterAccept[jvm]" classname="dev.p2pkit.core.internal.FileTransferFlowTest" time="0.001"/>
  <testcase name="senderSourceExhaustionNotifiesReceiverAndKeepsSessionConnected[jvm]" classname="dev.p2pkit.core.internal.FileTransferFlowTest" time="0.065"/>
  <testcase name="senderSourceReadFailureSendsFileCancelAndFailsOnlyThatTransfer[jvm]" classname="dev.p2pkit.core.internal.FileTransferFlowTest" time="0.001"/>
  <testcase name="sourceClosedExactlyOnceOnOfferWriteFailure[jvm]" classname="dev.p2pkit.core.internal.FileTransferFlowTest" time="0.001"/>
  <testcase name="duplicateFileAcceptDoesNotLaunchSecondStreamer[jvm]" classname="dev.p2pkit.core.internal.FileTransferFlowTest" time="0.002"/>
  <testcase name="sourceClosedExactlyOnceOnRejectedOffer[jvm]" classname="dev.p2pkit.core.internal.FileTransferFlowTest" time="0.001"/>
  <testcase name="offerExceedingReceiverLimitAutoRejects[jvm]" classname="dev.p2pkit.core.internal.FileTransferFlowTest" time="0.072"/>
  <testcase name="sourceClosedExactlyOnceOnCompletedTransfer[jvm]" classname="dev.p2pkit.core.internal.FileTransferFlowTest" time="0.001"/>
  <testcase name="offerProcessedWhileDispatcherClosedIsDroppedAndLeaksNoEntry[jvm]" classname="dev.p2pkit.core.internal.FileTransferFlowTest" time="0.001"/>
  <testcase name="cancelMidStreamPropagatesToReceiver[jvm]" classname="dev.p2pkit.core.internal.FileTransferFlowTest" time="0.006">
    <failure message="java.lang.AssertionError: Sender should observe Cancelled, got Completed" type="java.lang.AssertionError">java.lang.AssertionError: Sender should observe Cancelled, got Completed
	at org.junit.Assert.fail(Assert.java:89)
	at kotlin.test.junit.JUnitAsserter.fail(JUnitSupport.kt:56)
	at kotlin.test.Asserter.assertTrue(Assertions.kt:766)
	at kotlin.test.junit.JUnitAsserter.assertTrue(JUnitSupport.kt:30)
	at kotlin.test.Asserter.assertTrue(Assertions.kt:776)
	at kotlin.test.junit.JUnitAsserter.assertTrue(JUnitSupport.kt:30)
	at kotlin.test.AssertionsKt__AssertionsKt.assertTrue(Assertions.kt:44)
	at kotlin.test.AssertionsKt.assertTrue(Unknown Source)
	at dev.p2pkit.core.internal.FileTransferFlowTest$cancelMidStreamPropagatesToReceiver$1.invokeSuspend(FileTransferFlowTest.kt:384)
	at kotlin.coroutines.jvm.internal.BaseContinuationImpl.resumeWith(ContinuationImpl.kt:34)
	at kotlinx.coroutines.internal.ScopeCoroutine.afterResume(Scopes.kt:35)
	at kotlinx.coroutines.AbstractCoroutine.resumeWith(AbstractCoroutine.kt:101)
	at kotlin.coroutines.jvm.internal.BaseContinuationImpl.resumeWith(ContinuationImpl.kt:47)
	at kotlinx.coroutines.DispatchedTask.run(DispatchedTask.kt:100)
	at kotlinx.coroutines.EventLoopImplBase.processNextEvent(EventLoop.common.kt:256)
	at kotlinx.coroutines.BlockingCoroutine.joinBlocking(Builders.kt:54)
	at kotlinx.coroutines.BuildersKt__BuildersKt.runBlockingImpl(Builders.kt:30)
	at kotlinx.coroutines.BuildersKt.runBlockingImpl(Unknown Source)
	at kotlinx.coroutines.BuildersKt__Builders_concurrentKt.runBlockingK(Builders.concurrent.kt:172)
	at kotlinx.coroutines.BuildersKt.runBlockingK(Unknown Source)
	at kotlinx.coroutines.BuildersKt__Builders_concurrentKt.runBlockingK$default(Builders.concurrent.kt:157)
	at kotlinx.coroutines.BuildersKt.runBlockingK$default(Unknown Source)
	at dev.p2pkit.core.internal.FileTransferFlowTest.cancelMidStreamPropagatesToReceiver(FileTransferFlowTest.kt:343)
	at java.base/jdk.internal.reflect.NativeMethodAccessorImpl.invoke0(Native Method)
	at java.base/jdk.internal.reflect.NativeMethodAccessorImpl.invoke(NativeMethodAccessorImpl.java:77)
	at java.base/jdk.internal.reflect.DelegatingMethodAccessorImpl.invoke(DelegatingMethodAccessorImpl.java:43)
	at java.base/java.lang.reflect.Method.invoke(Method.java:569)
	at org.junit.runners.model.FrameworkMethod$1.runReflectiveCall(FrameworkMethod.java:59)
	at org.junit.internal.runners.model.ReflectiveCallable.run(ReflectiveCallable.java:12)
	at org.junit.runners.model.FrameworkMethod.invokeExplosively(FrameworkMethod.java:56)
	at org.junit.internal.runners.statements.InvokeMethod.evaluate(InvokeMethod.java:17)
	at org.junit.runners.ParentRunner$3.evaluate(ParentRunner.java:306)
	at org.junit.runners.BlockJUnit4ClassRunner$1.evaluate(BlockJUnit4ClassRunner.java:100)
	at org.junit.runners.ParentRunner.runLeaf(ParentRunner.java:366)
	at org.junit.runners.BlockJUnit4ClassRunner.runChild(BlockJUnit4ClassRunner.java:103)
	at org.junit.runners.BlockJUnit4ClassRunner.runChild(BlockJUnit4ClassRunner.java:63)
	at org.junit.runners.ParentRunner$4.run(ParentRunner.java:331)
	at org.junit.runners.ParentRunner$1.schedule(ParentRunner.java:79)
	at org.junit.runners.ParentRunner.runChildren(ParentRunner.java:329)
	at org.junit.runners.ParentRunner.access$100(ParentRunner.java:66)
	at org.junit.runners.ParentRunner$2.evaluate(ParentRunner.java:293)
	at org.junit.runners.ParentRunner$3.evaluate(ParentRunner.java:306)
	at org.junit.runners.ParentRunner.run(ParentRunner.java:413)
	at org.junit.runner.JUnitCore.run(JUnitCore.java:137)
	at org.junit.runner.JUnitCore.run(JUnitCore.java:115)
	at org.gradle.api.internal.tasks.testing.junit.JUnitTestExecutor.runRequest(JUnitTestExecutor.java:175)
	at org.gradle.api.internal.tasks.testing.junit.JUnitTestExecutor.accept(JUnitTestExecutor.java:84)
	at org.gradle.api.internal.tasks.testing.junit.JUnitTestExecutor.accept(JUnitTestExecutor.java:47)
	at org.gradle.api.internal.tasks.testing.junit.AbstractJUnitTestDefinitionProcessor.processTestDefinition(AbstractJUnitTestDefinitionProcessor.java:65)
	at org.gradle.api.internal.tasks.testing.SuiteTestDefinitionProcessor.processTestDefinition(SuiteTestDefinitionProcessor.java:54)
	at java.base/jdk.internal.reflect.NativeMethodAccessorImpl.invoke0(Native Method)
	at java.base/jdk.internal.reflect.NativeMethodAccessorImpl.invoke(NativeMethodAccessorImpl.java:77)
	at java.base/jdk.internal.reflect.DelegatingMethodAccessorImpl.invoke(DelegatingMethodAccessorImpl.java:43)
	at java.base/java.lang.reflect.Method.invoke(Method.java:569)
	at org.gradle.internal.dispatch.MethodInvocation.invokeOn(MethodInvocation.java:77)
	at org.gradle.internal.dispatch.ReflectionDispatch.dispatch(ReflectionDispatch.java:28)
	at org.gradle.internal.dispatch.ReflectionDispatch.dispatch(ReflectionDispatch.java:19)
	at org.gradle.internal.dispatch.ContextClassLoaderDispatch.dispatch(ContextClassLoaderDispatch.java:33)
	at org.gradle.internal.dispatch.ProxyDispatchAdapter$DispatchingInvocationHandler.invoke(ProxyDispatchAdapter.java:88)
	at jdk.proxy1/jdk.proxy1.$Proxy4.processTestDefinition(Unknown Source)
	at org.gradle.api.internal.tasks.testing.worker.TestWorker$2.run(TestWorker.java:178)
	at org.gradle.api.internal.tasks.testing.worker.TestWorker.executeAndMaintainThreadName(TestWorker.java:126)
	at org.gradle.api.internal.tasks.testing.worker.TestWorker.execute(TestWorker.java:103)
	at org.gradle.api.internal.tasks.testing.worker.TestWorker.execute(TestWorker.java:63)
	at org.gradle.process.internal.worker.child.ActionExecutionWorker.execute(ActionExecutionWorker.java:56)
	at org.gradle.process.internal.worker.child.SystemApplicationClassLoaderWorker.call(SystemApplicationClassLoaderWorker.java:122)
	at org.gradle.process.internal.worker.child.SystemApplicationClassLoaderWorker.call(SystemApplicationClassLoaderWorker.java:72)
	at worker.org.gradle.process.internal.worker.GradleWorkerMain.run(GradleWorkerMain.java:69)
	at worker.org.gradle.process.internal.worker.GradleWorkerMain.main(GradleWorkerMain.java:74)
</failure>
  </testcase>
  <testcase name="kitStopMidTransferTerminalizesBothSidesAndClosesSource[jvm]" classname="dev.p2pkit.core.internal.FileTransferFlowTest" time="2.072"/>
  <testcase name="localPayloadTooLargeThrowsImmediately[jvm]" classname="dev.p2pkit.core.internal.FileTransferFlowTest" time="0.002"/>
  <testcase name="acceptThenImmediateCancelNeverStreamsOrSendsFileDone[jvm]" classname="dev.p2pkit.core.internal.FileTransferFlowTest" time="0.001"/>
  <testcase name="smallFileTransfersEndToEnd[jvm]" classname="dev.p2pkit.core.internal.FileTransferFlowTest" time="0.003"/>
  <testcase name="rejectedOfferSurfacesOnSender[jvm]" classname="dev.p2pkit.core.internal.FileTransferFlowTest" time="0.003"/>
  <testcase name="sourceClosedExactlyOnceOnCancelBeforeAccept[jvm]" classname="dev.p2pkit.core.internal.FileTransferFlowTest" time="0.0"/>
  <testcase name="fileTransfersDoNotBlockMessages[jvm]" classname="dev.p2pkit.core.internal.FileTransferFlowTest" time="0.003"/>
  <testcase name="sessionCloseMidTransferTerminalizesBothSidesAndClosesSource[jvm]" classname="dev.p2pkit.core.internal.FileTransferFlowTest" time="2.065"/>
  <testcase name="sendFileOnClosedDispatcherThrowsWithoutLeakingEntry[jvm]" classname="dev.p2pkit.core.internal.FileTransferFlowTest" time="0.002"/>
  <testcase name="sourceClosedExactlyOnceOnRearmCloseAll[jvm]" classname="dev.p2pkit.core.internal.FileTransferFlowTest" time="0.001"/>
  <system-out><![CDATA[]]></system-out>
  <system-err><![CDATA[]]></system-err>
</testsuite>
