<?xml version="1.0" encoding="UTF-8"?>
<testsuite name="StreamingFileReceiverTest[jvm]" tests="7" skipped="0" failures="0" errors="0" timestamp="2026-07-04T19:13:06.621Z" hostname="192.168.1.19" time="0.001">
  <properties/>
  <testcase name="nonFileDataFrameRejected[jvm]" classname="dev.p2pkit.core.protocol.StreamingFileReceiverTest" time="0.0"/>
  <testcase name="finishBeforeCompleteFails[jvm]" classname="dev.p2pkit.core.protocol.StreamingFileReceiverTest" time="0.001"/>
  <testcase name="outOfOrderChunkIsRejected[jvm]" classname="dev.p2pkit.core.protocol.StreamingFileReceiverTest" time="0.0"/>
  <testcase name="overSizeChunkIsRejected[jvm]" classname="dev.p2pkit.core.protocol.StreamingFileReceiverTest" time="0.0"/>
  <testcase name="zeroByteFileCompletesWithJustFinish[jvm]" classname="dev.p2pkit.core.protocol.StreamingFileReceiverTest" time="0.0"/>
  <testcase name="acceptsInOrderChunksAndFlushesOnFinish[jvm]" classname="dev.p2pkit.core.protocol.StreamingFileReceiverTest" time="0.0"/>
  <testcase name="wrongTransferIdFails[jvm]" classname="dev.p2pkit.core.protocol.StreamingFileReceiverTest" time="0.0"/>
  <system-out><![CDATA[]]></system-out>
  <system-err><![CDATA[]]></system-err>
</testsuite>
