<?xml version="1.0" encoding="UTF-8"?>
<testsuite name="DiscoveryReemitContractTest[jvm]" tests="3" skipped="0" failures="0" errors="0" timestamp="2026-07-04T19:14:44.231Z" hostname="192.168.1.19" time="0.018">
  <properties/>
  <testcase name="heartbeatCadenceStaysBelowTheDefaultStaleTimeout[jvm]" classname="dev.p2pkit.core.internal.DiscoveryReemitContractTest" time="0.0"/>
  <testcase name="peerWhoseTransportGoesQuietIsEvictedAfterTheStaleTimeout[jvm]" classname="dev.p2pkit.core.internal.DiscoveryReemitContractTest" time="0.014"/>
  <testcase name="peerReemittedWithinStaleTimeoutSurvivesPastTheEvictionHorizon[jvm]" classname="dev.p2pkit.core.internal.DiscoveryReemitContractTest" time="0.003"/>
  <system-out><![CDATA[]]></system-out>
  <system-err><![CDATA[]]></system-err>
</testsuite>
