<?xml version="1.0" encoding="UTF-8"?>
<testsuite name="NetworkPathRecoveryTest[jvm]" tests="5" skipped="0" failures="0" errors="0" timestamp="2026-07-04T19:14:59.482Z" hostname="192.168.1.19" time="0.124">
  <properties/>
  <testcase name="pathUnsatisfiedTransitionsToFailedWhenReconnectDisabled[jvm]" classname="dev.p2pkit.core.internal.NetworkPathRecoveryTest" time="0.004"/>
  <testcase name="observerLifecycleIsTiedToKitLifecycle[jvm]" classname="dev.p2pkit.core.internal.NetworkPathRecoveryTest" time="0.001"/>
  <testcase name="pathUnknownIsANoOp[jvm]" classname="dev.p2pkit.core.internal.NetworkPathRecoveryTest" time="0.104"/>
  <testcase name="pathUnsatisfiedTransitionsConnectedSessionToReconnecting[jvm]" classname="dev.p2pkit.core.internal.NetworkPathRecoveryTest" time="0.004"/>
  <testcase name="pathSatisfiedWakesParkedReconnectHandlerBeforeDelayExpires[jvm]" classname="dev.p2pkit.core.internal.NetworkPathRecoveryTest" time="0.01"/>
  <system-out><![CDATA[]]></system-out>
  <system-err><![CDATA[]]></system-err>
</testsuite>
