<?xml version="1.0" encoding="UTF-8"?>
<testsuite name="SessionStoreInvariantTest[jvm]" tests="3" skipped="0" failures="0" errors="0" timestamp="2026-07-04T19:15:01.099Z" hostname="192.168.1.19" time="0.002">
  <properties/>
  <testcase name="strictModeDoesNotThrowOnValidOperationSequence[jvm]" classname="dev.p2pkit.core.internal.SessionStoreInvariantTest" time="0.001"/>
  <testcase name="defaultModeWarnsWithoutThrowingOnSameInconsistency[jvm]" classname="dev.p2pkit.core.internal.SessionStoreInvariantTest" time="0.001"/>
  <testcase name="strictModeThrowsOnForcedInconsistency[jvm]" classname="dev.p2pkit.core.internal.SessionStoreInvariantTest" time="0.0"/>
  <system-out><![CDATA[]]></system-out>
  <system-err><![CDATA[]]></system-err>
</testsuite>
