<?xml version="1.0" encoding="UTF-8"?>
<testsuite name="LocalIdentityTest[jvm]" tests="2" skipped="0" failures="0" errors="0" timestamp="2026-07-04T19:14:59.465Z" hostname="192.168.1.19" time="0.002">
  <properties/>
  <testcase name="localIdentityIsExposedAndStable[jvm]" classname="dev.p2pkit.core.internal.LocalIdentityTest" time="0.001"/>
  <testcase name="twoKitsInSameProcessHaveTheirOwnIdentity[jvm]" classname="dev.p2pkit.core.internal.LocalIdentityTest" time="0.0"/>
  <system-out><![CDATA[]]></system-out>
  <system-err><![CDATA[]]></system-err>
</testsuite>
