<?xml version="1.0" encoding="UTF-8"?>
<testsuite name="PeerIdPersistenceIntegrationTest[jvm]" tests="3" skipped="0" failures="0" errors="0" timestamp="2026-07-04T19:14:59.607Z" hostname="192.168.1.19" time="0.006">
  <properties/>
  <testcase name="samePeerIdAcrossKitInstancesWhenSharingFilePeerIdStorage[jvm]" classname="dev.p2pkit.core.internal.PeerIdPersistenceIntegrationTest" time="0.003"/>
  <testcase name="differentAppIdsGetDifferentPersistedPeerIds[jvm]" classname="dev.p2pkit.core.internal.PeerIdPersistenceIntegrationTest" time="0.002"/>
  <testcase name="kitInvokesProvidedPeerIdStorageAtConstruction[jvm]" classname="dev.p2pkit.core.internal.PeerIdPersistenceIntegrationTest" time="0.001"/>
  <system-out><![CDATA[]]></system-out>
  <system-err><![CDATA[]]></system-err>
</testsuite>
