<?xml version="1.0" encoding="UTF-8"?>
<testsuite name="InboundAdmissionControlTest[jvm]" tests="2" skipped="0" failures="0" errors="0" timestamp="2026-07-04T19:14:44.299Z" hostname="192.168.1.19" time="0.058">
  <properties/>
  <testcase name="preHandshakeBoundRefusesExcessAndPermitsRecoverOnBothOutcomes[jvm]" classname="dev.p2pkit.core.internal.InboundAdmissionControlTest" time="0.02"/>
  <testcase name="totalSessionBoundRefusesNetNewInboundSessions[jvm]" classname="dev.p2pkit.core.internal.InboundAdmissionControlTest" time="0.038"/>
  <system-out><![CDATA[]]></system-out>
  <system-err><![CDATA[]]></system-err>
</testsuite>
