<?xml version="1.0" encoding="UTF-8"?>
<testsuite name="FileOfferPayloadTest[jvm]" tests="3" skipped="0" failures="0" errors="0" timestamp="2026-07-04T19:15:01.181Z" hostname="192.168.1.19" time="0.001">
  <properties/>
  <testcase name="roundTripWithMime[jvm]" classname="dev.p2pkit.core.protocol.FileOfferPayloadTest" time="0.0"/>
  <testcase name="unicodeNameSurvives[jvm]" classname="dev.p2pkit.core.protocol.FileOfferPayloadTest" time="0.0"/>
  <testcase name="roundTripWithoutMime[jvm]" classname="dev.p2pkit.core.protocol.FileOfferPayloadTest" time="0.0"/>
  <system-out><![CDATA[]]></system-out>
  <system-err><![CDATA[]]></system-err>
</testsuite>
