<?xml version="1.0" encoding="UTF-8"?>
<testsuite name="iosSimulatorArm64Test.dev.p2pkit.core.protocol.FrameReaderTest" tests="10" skipped="0" failures="0" errors="0" timestamp="2026-07-04T19:12:29.235Z" hostname="192.168.1.19" time="0.0">
  <properties/>
  <testcase name="feedingCompleteFrameYieldsIt[iosSimulatorArm64]" classname="iosSimulatorArm64Test.dev.p2pkit.core.protocol.FrameReaderTest" time="0.0"/>
  <testcase name="feedingTwoBackToBackFramesYieldsBoth[iosSimulatorArm64]" classname="iosSimulatorArm64Test.dev.p2pkit.core.protocol.FrameReaderTest" time="0.0"/>
  <testcase name="partialHeaderIsBufferedNotEmitted[iosSimulatorArm64]" classname="iosSimulatorArm64Test.dev.p2pkit.core.protocol.FrameReaderTest" time="0.0"/>
  <testcase name="headerCompletePayloadPartialBuffers[iosSimulatorArm64]" classname="iosSimulatorArm64Test.dev.p2pkit.core.protocol.FrameReaderTest" time="0.0"/>
  <testcase name="byteAtATimeStillReconstructs[iosSimulatorArm64]" classname="iosSimulatorArm64Test.dev.p2pkit.core.protocol.FrameReaderTest" time="0.0"/>
  <testcase name="corruptedFrameRaisesProtocolError[iosSimulatorArm64]" classname="iosSimulatorArm64Test.dev.p2pkit.core.protocol.FrameReaderTest" time="0.0"/>
  <testcase name="emptyFeedReturnsEmpty[iosSimulatorArm64]" classname="iosSimulatorArm64Test.dev.p2pkit.core.protocol.FrameReaderTest" time="0.0"/>
  <testcase name="oversizeDeclaredPayloadLengthIsRejectedOnHeaderAloneWithoutBuffering[iosSimulatorArm64]" classname="iosSimulatorArm64Test.dev.p2pkit.core.protocol.FrameReaderTest" time="0.0"/>
  <testcase name="maxDeclaredPayloadLengthIsAcceptedAtTheBoundary[iosSimulatorArm64]" classname="iosSimulatorArm64Test.dev.p2pkit.core.protocol.FrameReaderTest" time="0.0"/>
  <testcase name="unknownPacketTypeIsSkippedAndSurroundingFramesStillDecode[iosSimulatorArm64]" classname="iosSimulatorArm64Test.dev.p2pkit.core.protocol.FrameReaderTest" time="0.0"/>
  <system-out><![CDATA[]]></system-out>
  <system-err><![CDATA[]]></system-err>
</testsuite>
