<?xml version="1.0" encoding="UTF-8"?>
<testsuite name="iosSimulatorArm64Test.dev.p2pkit.core.internal.FileTransferFlowTest" tests="21" skipped="0" failures="0" errors="0" timestamp="2026-07-04T19:12:08.211Z" hostname="192.168.1.19" time="4.471">
  <properties/>
  <testcase name="smallFileTransfersEndToEnd[iosSimulatorArm64]" classname="iosSimulatorArm64Test.dev.p2pkit.core.internal.FileTransferFlowTest" time="0.001"/>
  <testcase name="rejectedOfferSurfacesOnSender[iosSimulatorArm64]" classname="iosSimulatorArm64Test.dev.p2pkit.core.internal.FileTransferFlowTest" time="0.001"/>
  <testcase name="offerExceedingReceiverLimitAutoRejects[iosSimulatorArm64]" classname="iosSimulatorArm64Test.dev.p2pkit.core.internal.FileTransferFlowTest" time="0.068"/>
  <testcase name="localPayloadTooLargeThrowsImmediately[iosSimulatorArm64]" classname="iosSimulatorArm64Test.dev.p2pkit.core.internal.FileTransferFlowTest" time="0.001"/>
  <testcase name="offerTimeoutAutoCancelsOnSender[iosSimulatorArm64]" classname="iosSimulatorArm64Test.dev.p2pkit.core.internal.FileTransferFlowTest" time="0.207"/>
  <testcase name="cancelMidStreamPropagatesToReceiver[iosSimulatorArm64]" classname="iosSimulatorArm64Test.dev.p2pkit.core.internal.FileTransferFlowTest" time="0.001"/>
  <testcase name="fileTransfersDoNotBlockMessages[iosSimulatorArm64]" classname="iosSimulatorArm64Test.dev.p2pkit.core.internal.FileTransferFlowTest" time="0.002"/>
  <testcase name="senderSourceExhaustionNotifiesReceiverAndKeepsSessionConnected[iosSimulatorArm64]" classname="iosSimulatorArm64Test.dev.p2pkit.core.internal.FileTransferFlowTest" time="0.062"/>
  <testcase name="sessionCloseMidTransferTerminalizesBothSidesAndClosesSource[iosSimulatorArm64]" classname="iosSimulatorArm64Test.dev.p2pkit.core.internal.FileTransferFlowTest" time="2.059"/>
  <testcase name="kitStopMidTransferTerminalizesBothSidesAndClosesSource[iosSimulatorArm64]" classname="iosSimulatorArm64Test.dev.p2pkit.core.internal.FileTransferFlowTest" time="2.064"/>
  <testcase name="offerProcessedWhileDispatcherClosedIsDroppedAndLeaksNoEntry[iosSimulatorArm64]" classname="iosSimulatorArm64Test.dev.p2pkit.core.internal.FileTransferFlowTest" time="0.0"/>
  <testcase name="acceptThenImmediateCancelNeverStreamsOrSendsFileDone[iosSimulatorArm64]" classname="iosSimulatorArm64Test.dev.p2pkit.core.internal.FileTransferFlowTest" time="0.001"/>
  <testcase name="sourceClosedExactlyOnceOnCompletedTransfer[iosSimulatorArm64]" classname="iosSimulatorArm64Test.dev.p2pkit.core.internal.FileTransferFlowTest" time="0.0"/>
  <testcase name="sourceClosedExactlyOnceOnRejectedOffer[iosSimulatorArm64]" classname="iosSimulatorArm64Test.dev.p2pkit.core.internal.FileTransferFlowTest" time="0.0"/>
  <testcase name="sourceClosedExactlyOnceOnCancelBeforeAccept[iosSimulatorArm64]" classname="iosSimulatorArm64Test.dev.p2pkit.core.internal.FileTransferFlowTest" time="0.0"/>
  <testcase name="sourceClosedExactlyOnceOnCancelAfterAccept[iosSimulatorArm64]" classname="iosSimulatorArm64Test.dev.p2pkit.core.internal.FileTransferFlowTest" time="0.0"/>
  <testcase name="sourceClosedExactlyOnceOnOfferWriteFailure[iosSimulatorArm64]" classname="iosSimulatorArm64Test.dev.p2pkit.core.internal.FileTransferFlowTest" time="0.0"/>
  <testcase name="sourceClosedExactlyOnceOnRearmCloseAll[iosSimulatorArm64]" classname="iosSimulatorArm64Test.dev.p2pkit.core.internal.FileTransferFlowTest" time="0.0"/>
  <testcase name="sendFileOnClosedDispatcherThrowsWithoutLeakingEntry[iosSimulatorArm64]" classname="iosSimulatorArm64Test.dev.p2pkit.core.internal.FileTransferFlowTest" time="0.0"/>
  <testcase name="senderSourceReadFailureSendsFileCancelAndFailsOnlyThatTransfer[iosSimulatorArm64]" classname="iosSimulatorArm64Test.dev.p2pkit.core.internal.FileTransferFlowTest" time="0.0"/>
  <testcase name="duplicateFileAcceptDoesNotLaunchSecondStreamer[iosSimulatorArm64]" classname="iosSimulatorArm64Test.dev.p2pkit.core.internal.FileTransferFlowTest" time="0.001"/>
  <system-out><![CDATA[p2pkit: [buildInfo] p2pkit@b155bd8-DIRTY (audit/exhaustive-review-2026-06, built 2026-07-04T19:11:52.960720Z)
p2pkit: [buildInfo] p2pkit@b155bd8-DIRTY (audit/exhaustive-review-2026-06, built 2026-07-04T19:11:52.960720Z)
p2pkit: [buildInfo] p2pkit@b155bd8-DIRTY (audit/exhaustive-review-2026-06, built 2026-07-04T19:11:52.960720Z)
p2pkit: [buildInfo] p2pkit@b155bd8-DIRTY (audit/exhaustive-review-2026-06, built 2026-07-04T19:11:52.960720Z)
p2pkit: [buildInfo] p2pkit@b155bd8-DIRTY (audit/exhaustive-review-2026-06, built 2026-07-04T19:11:52.960720Z)
p2pkit: [buildInfo] p2pkit@b155bd8-DIRTY (audit/exhaustive-review-2026-06, built 2026-07-04T19:11:52.960720Z)
p2pkit: [buildInfo] p2pkit@b155bd8-DIRTY (audit/exhaustive-review-2026-06, built 2026-07-04T19:11:52.960720Z)
p2pkit: [buildInfo] p2pkit@b155bd8-DIRTY (audit/exhaustive-review-2026-06, built 2026-07-04T19:11:52.960720Z)
p2pkit: [buildInfo] p2pkit@b155bd8-DIRTY (audit/exhaustive-review-2026-06, built 2026-07-04T19:11:52.960720Z)
p2pkit: [buildInfo] p2pkit@b155bd8-DIRTY (audit/exhaustive-review-2026-06, built 2026-07-04T19:11:52.960720Z)
p2pkit: [buildInfo] p2pkit@b155bd8-DIRTY (audit/exhaustive-review-2026-06, built 2026-07-04T19:11:52.960720Z)
p2pkit: [buildInfo] p2pkit@b155bd8-DIRTY (audit/exhaustive-review-2026-06, built 2026-07-04T19:11:52.960720Z)
p2pkit: [buildInfo] p2pkit@b155bd8-DIRTY (audit/exhaustive-review-2026-06, built 2026-07-04T19:11:52.960720Z)
p2pkit: [buildInfo] p2pkit@b155bd8-DIRTY (audit/exhaustive-review-2026-06, built 2026-07-04T19:11:52.960720Z)
p2pkit: [buildInfo] p2pkit@b155bd8-DIRTY (audit/exhaustive-review-2026-06, built 2026-07-04T19:11:52.960720Z)
p2pkit: [buildInfo] p2pkit@b155bd8-DIRTY (audit/exhaustive-review-2026-06, built 2026-07-04T19:11:52.960720Z)
p2pkit: [buildInfo] p2pkit@b155bd8-DIRTY (audit/exhaustive-review-2026-06, built 2026-07-04T19:11:52.960720Z)
p2pkit: [buildInfo] p2pkit@b155bd8-DIRTY (audit/exhaustive-review-2026-06, built 2026-07-04T19:11:52.960720Z)
p2pkit: [buildInfo] p2pkit@b155bd8-DIRTY (audit/exhaustive-review-2026-06, built 2026-07-04T19:11:52.960720Z)
p2pkit: [buildInfo] p2pkit@b155bd8-DIRTY (audit/exhaustive-review-2026-06, built 2026-07-04T19:11:52.960720Z)
]]></system-out>
  <system-err><![CDATA[]]></system-err>
</testsuite>
