<?xml version="1.0" encoding="UTF-8"?>
<testsuite name="iosSimulatorArm64Test.dev.p2pkit.core.internal.CloseSemanticsTest" tests="2" skipped="0" failures="0" errors="0" timestamp="2026-07-04T19:12:05.919Z" hostname="192.168.1.19" time="2.267">
  <properties/>
  <testcase name="closeReturnsPromptlyAndClosesConnectionWhenCloseFrameWriteWedges[iosSimulatorArm64]" classname="iosSimulatorArm64Test.dev.p2pkit.core.internal.CloseSemanticsTest" time="2.006"/>
  <testcase name="rawTerminalStateClassifiesLossWhenEventPipelineStaysOpen[iosSimulatorArm64]" classname="iosSimulatorArm64Test.dev.p2pkit.core.internal.CloseSemanticsTest" time="0.26"/>
  <system-out><![CDATA[]]></system-out>
  <system-err><![CDATA[]]></system-err>
</testsuite>
