<?xml version="1.0" encoding="UTF-8"?>
<testsuite name="iosSimulatorArm64Test.dev.p2pkit.core.internal.TransportManagerTest" tests="4" skipped="0" failures="0" errors="0" timestamp="2026-07-04T19:12:29.231Z" hostname="192.168.1.19" time="0.0">
  <properties/>
  <testcase name="selectsHighestPriorityTransport[iosSimulatorArm64]" classname="iosSimulatorArm64Test.dev.p2pkit.core.internal.TransportManagerTest" time="0.0"/>
  <testcase name="ignoresTransportsThatCannotConnect[iosSimulatorArm64]" classname="iosSimulatorArm64Test.dev.p2pkit.core.internal.TransportManagerTest" time="0.0"/>
  <testcase name="throwsNoTransportAvailableWhenNoneMatch[iosSimulatorArm64]" classname="iosSimulatorArm64Test.dev.p2pkit.core.internal.TransportManagerTest" time="0.0"/>
  <testcase name="throwsNoTransportAvailableForEmptyTransportList[iosSimulatorArm64]" classname="iosSimulatorArm64Test.dev.p2pkit.core.internal.TransportManagerTest" time="0.0"/>
  <system-out><![CDATA[]]></system-out>
  <system-err><![CDATA[]]></system-err>
</testsuite>
