<?xml version="1.0" encoding="UTF-8"?>
<testsuite name="iosSimulatorArm64Test.dev.p2pkit.core.internal.SessionStoreCapacityTest" tests="4" skipped="0" failures="0" errors="0" timestamp="2026-07-04T19:12:29.136Z" hostname="192.168.1.19" time="0.042">
  <properties/>
  <testcase name="netNewIncomingBeyondTheBoundIsRefusedAndStoreIsUntouched[iosSimulatorArm64]" classname="iosSimulatorArm64Test.dev.p2pkit.core.internal.SessionStoreCapacityTest" time="0.01"/>
  <testcase name="outgoingRegistrationIsNeverRefusedByTheBound[iosSimulatorArm64]" classname="iosSimulatorArm64Test.dev.p2pkit.core.internal.SessionStoreCapacityTest" time="0.011"/>
  <testcase name="simultaneousOpenArbitrationStillRunsAtCapacity[iosSimulatorArm64]" classname="iosSimulatorArm64Test.dev.p2pkit.core.internal.SessionStoreCapacityTest" time="0.011"/>
  <testcase name="terminalSessionsDoNotCountTowardTheBound[iosSimulatorArm64]" classname="iosSimulatorArm64Test.dev.p2pkit.core.internal.SessionStoreCapacityTest" time="0.01"/>
  <system-out><![CDATA[]]></system-out>
  <system-err><![CDATA[]]></system-err>
</testsuite>
