<?xml version="1.0" encoding="UTF-8"?>
<testsuite name="CloseSemanticsTest[jvm]" tests="2" skipped="0" failures="0" errors="0" timestamp="2026-07-04T18:46:05.671Z" hostname="192.168.1.19" time="2.328">
  <properties/>
  <testcase name="closeReturnsPromptlyAndClosesConnectionWhenCloseFrameWriteWedges[jvm]" classname="dev.p2pkit.core.internal.CloseSemanticsTest" time="2.07"/>
  <testcase name="rawTerminalStateClassifiesLossWhenEventPipelineStaysOpen[jvm]" classname="dev.p2pkit.core.internal.CloseSemanticsTest" time="0.256"/>
  <system-out><![CDATA[]]></system-out>
  <system-err><![CDATA[]]></system-err>
</testsuite>
