<?xml version="1.0" encoding="UTF-8"?>
<testsuite name="KitStrictInvariantsTest[jvm]" tests="2" skipped="0" failures="0" errors="0" timestamp="2026-07-04T18:46:27.857Z" hostname="192.168.1.19" time="0.011">
  <properties/>
  <testcase name="strictTestKitThrowsOnForcedStoreInconsistency[jvm]" classname="dev.p2pkit.core.internal.KitStrictInvariantsTest" time="0.007"/>
  <testcase name="plainKitKeepsProductionWarnOnlyDefault[jvm]" classname="dev.p2pkit.core.internal.KitStrictInvariantsTest" time="0.003"/>
  <system-out><![CDATA[]]></system-out>
  <system-err><![CDATA[]]></system-err>
</testsuite>
