<?xml version="1.0" encoding="UTF-8"?>
<testsuite name="ManualPeerIdentityTest[jvm]" tests="4" skipped="0" failures="0" errors="0" timestamp="2026-07-04T18:46:27.877Z" hostname="192.168.1.19" time="0.012">
  <properties/>
  <testcase name="manualConnectStillRejectsHelloClaimingOurOwnPeerId[jvm]" classname="dev.p2pkit.core.internal.ManualPeerIdentityTest" time="0.006"/>
  <testcase name="manualConnectKeepsDialedSyntheticIdentityDespiteDifferentHelloId[jvm]" classname="dev.p2pkit.core.internal.ManualPeerIdentityTest" time="0.002"/>
  <testcase name="manualConnectIsIdempotentAndDoesNotChurnTheSession[jvm]" classname="dev.p2pkit.core.internal.ManualPeerIdentityTest" time="0.003"/>
  <testcase name="discoveredPeerWithManualLookingIdIsStillRejectedOnHelloMismatch[jvm]" classname="dev.p2pkit.core.internal.ManualPeerIdentityTest" time="0.001"/>
  <system-out><![CDATA[]]></system-out>
  <system-err><![CDATA[]]></system-err>
</testsuite>
