<?xml version="1.0" encoding="UTF-8"?>
<testsuite name="HandshakeTest[jvm]" tests="3" skipped="0" failures="0" errors="0" timestamp="2026-07-04T18:46:12.669Z" hostname="192.168.1.19" time="0.008">
  <properties/>
  <testcase name="appIdMismatchThrowsHandshakeRejected[jvm]" classname="dev.p2pkit.core.internal.HandshakeTest" time="0.003"/>
  <testcase name="versionMismatchThrowsVersionMismatch[jvm]" classname="dev.p2pkit.core.internal.HandshakeTest" time="0.004"/>
  <testcase name="handshakeSucceedsWhenAppIdsAndVersionsMatch[jvm]" classname="dev.p2pkit.core.internal.HandshakeTest" time="0.001"/>
  <system-out><![CDATA[]]></system-out>
  <system-err><![CDATA[]]></system-err>
</testsuite>
