<?xml version="1.0" encoding="UTF-8"?>
<testsuite name="FileTransferJvmTest[jvm]" tests="3" skipped="0" failures="0" errors="0" timestamp="2026-07-04T18:46:29.488Z" hostname="192.168.1.19" time="0.008">
  <properties/>
  <testcase name="sendFilePopulatesNameAndSizeFromFile[jvm]" classname="dev.p2pkit.core.transfer.FileTransferJvmTest" time="0.006"/>
  <testcase name="sendFileRejectsMissingFile[jvm]" classname="dev.p2pkit.core.transfer.FileTransferJvmTest" time="0.001"/>
  <testcase name="sendFileRejectsDirectory[jvm]" classname="dev.p2pkit.core.transfer.FileTransferJvmTest" time="0.001"/>
  <system-out><![CDATA[]]></system-out>
  <system-err><![CDATA[]]></system-err>
</testsuite>
