<?xml version="1.0" encoding="UTF-8"?>
<testsuite name="HandshakeIdentityTest[jvm]" tests="3" skipped="0" failures="0" errors="0" timestamp="2026-07-04T18:46:12.651Z" hostname="192.168.1.19" time="0.016">
  <properties/>
  <testcase name="connectRejectsWhenRemotePeerIdDoesNotMatchDialedId[jvm]" classname="dev.p2pkit.core.internal.HandshakeIdentityTest" time="0.007"/>
  <testcase name="connectSucceedsWhenRemotePeerIdMatchesDialedId[jvm]" classname="dev.p2pkit.core.internal.HandshakeIdentityTest" time="0.005"/>
  <testcase name="connectRejectsWhenRemoteClaimsOurOwnPeerId[jvm]" classname="dev.p2pkit.core.internal.HandshakeIdentityTest" time="0.004"/>
  <system-out><![CDATA[]]></system-out>
  <system-err><![CDATA[]]></system-err>
</testsuite>
