<?xml version="1.0" encoding="UTF-8"?>
<testsuite name="InMemoryPeerIdStorageTest[jvm]" tests="3" skipped="0" failures="0" errors="0" timestamp="2026-07-04T18:46:12.678Z" hostname="192.168.1.19" time="0.001">
  <properties/>
  <testcase name="differentInstancesGenerateDifferentIds[jvm]" classname="dev.p2pkit.core.internal.InMemoryPeerIdStorageTest" time="0.0"/>
  <testcase name="seededInstanceReturnsTheSeed[jvm]" classname="dev.p2pkit.core.internal.InMemoryPeerIdStorageTest" time="0.0"/>
  <testcase name="loadOrGenerateReturnsTheSameIdAcrossRepeatedCalls[jvm]" classname="dev.p2pkit.core.internal.InMemoryPeerIdStorageTest" time="0.0"/>
  <system-out><![CDATA[]]></system-out>
  <system-err><![CDATA[]]></system-err>
</testsuite>
