<?xml version="1.0" encoding="UTF-8"?>
<testsuite name="SessionStoreCapacityTest[jvm]" tests="4" skipped="0" failures="0" errors="0" timestamp="2026-07-04T18:46:29.320Z" hostname="192.168.1.19" time="0.021">
  <properties/>
  <testcase name="simultaneousOpenArbitrationStillRunsAtCapacity[jvm]" classname="dev.p2pkit.core.internal.SessionStoreCapacityTest" time="0.006"/>
  <testcase name="netNewIncomingBeyondTheBoundIsRefusedAndStoreIsUntouched[jvm]" classname="dev.p2pkit.core.internal.SessionStoreCapacityTest" time="0.006"/>
  <testcase name="outgoingRegistrationIsNeverRefusedByTheBound[jvm]" classname="dev.p2pkit.core.internal.SessionStoreCapacityTest" time="0.005"/>
  <testcase name="terminalSessionsDoNotCountTowardTheBound[jvm]" classname="dev.p2pkit.core.internal.SessionStoreCapacityTest" time="0.004"/>
  <system-out><![CDATA[]]></system-out>
  <system-err><![CDATA[]]></system-err>
</testsuite>
